Mar 6, 2012 5:17:54 PM org.apache.catalina.core.AprLifecycleListener init
INFO: The APR based Apache Tomcat Native library which allows optimal performance in production environments was not found on the java.library.path: .:/Library/Java/Extensions:/System/Library/Java/Extensions:/usr/lib/java
Mar 6, 2012 5:17:56 PM org.apache.coyote.http11.Http11Protocol init
INFO: Initializing Coyote HTTP/1.1 on http-8080
Mar 6, 2012 5:17:56 PM org.apache.catalina.startup.Catalina load
INFO: Initialization processed in 3298 ms
Mar 6, 2012 5:17:56 PM org.apache.catalina.core.StandardService start
INFO: Starting service Catalina
Mar 6, 2012 5:17:56 PM org.apache.catalina.core.StandardEngine start
INFO: Starting Servlet Engine: Apache Tomcat/6.0.35
Mar 6, 2012 5:17:56 PM org.apache.catalina.startup.HostConfig deployDescriptor
INFO: Deploying configuration descriptor host-manager.xml
Mar 6, 2012 5:17:58 PM org.apache.catalina.startup.HostConfig deployDescriptor
INFO: Deploying configuration descriptor manager.xml
Mar 6, 2012 5:17:58 PM org.apache.catalina.startup.HostConfig deployDirectory
INFO: Deploying web application directory docs
Mar 6, 2012 5:17:58 PM org.apache.catalina.startup.HostConfig deployDirectory
INFO: Deploying web application directory examples
Mar 6, 2012 5:17:59 PM org.apache.catalina.startup.HostConfig deployDirectory
INFO: Deploying web application directory java
Mar 6, 2012 5:17:59 PM org.apache.catalina.startup.HostConfig deployDirectory
INFO: Deploying web application directory ROOT
Mar 6, 2012 5:17:59 PM org.apache.catalina.startup.HostConfig deployDirectory
INFO: Deploying web application directory timestamps
Mar 6, 2012 5:18:00 PM org.apache.coyote.http11.Http11Protocol start
INFO: Starting Coyote HTTP/1.1 on http-8080
Mar 6, 2012 5:18:00 PM org.apache.jk.common.ChannelSocket init
INFO: JK: ajp13 listening on /0.0.0.0:8009
Mar 6, 2012 5:18:00 PM org.apache.jk.server.JkMain start
INFO: Jk running ID=0 time=0/163  config=null
Mar 6, 2012 5:18:00 PM org.apache.catalina.startup.Catalina start
INFO: Server startup in 4002 ms
Mar 6, 2012 5:59:51 PM org.apache.coyote.http11.Http11Protocol pause
INFO: Pausing Coyote HTTP/1.1 on http-8080
Mar 6, 2012 5:59:52 PM org.apache.catalina.core.StandardService stop
INFO: Stopping service Catalina
Mar 6, 2012 5:59:52 PM org.apache.coyote.http11.Http11Protocol destroy
INFO: Stopping Coyote HTTP/1.1 on http-8080
