Mar 3, 2012 6:53:52 PM org.apache.catalina.core.AprLifecycleListener init
INFO: The APR based Apache Tomcat Native library which allows optimal performance in production environments was not found on the java.library.path: .:/Library/Java/Extensions:/System/Library/Java/Extensions:/usr/lib/java
Mar 3, 2012 6:53:53 PM org.apache.coyote.http11.Http11Protocol init
INFO: Initializing Coyote HTTP/1.1 on http-8080
Mar 3, 2012 6:53:53 PM org.apache.catalina.startup.Catalina load
INFO: Initialization processed in 1094 ms
Mar 3, 2012 6:53:53 PM org.apache.catalina.core.StandardService start
INFO: Starting service Catalina
Mar 3, 2012 6:53:53 PM org.apache.catalina.core.StandardEngine start
INFO: Starting Servlet Engine: Apache Tomcat/6.0.35
Mar 3, 2012 6:53:53 PM org.apache.catalina.startup.HostConfig deployDirectory
INFO: Deploying web application directory docs
Mar 3, 2012 6:53:53 PM org.apache.catalina.startup.HostConfig deployDirectory
INFO: Deploying web application directory examples
Mar 3, 2012 6:53:54 PM org.apache.catalina.startup.HostConfig deployDirectory
INFO: Deploying web application directory host-manager
Mar 3, 2012 6:53:54 PM org.apache.catalina.startup.HostConfig deployDirectory
INFO: Deploying web application directory manager
Mar 3, 2012 6:53:54 PM org.apache.catalina.startup.HostConfig deployDirectory
INFO: Deploying web application directory ROOT
Mar 3, 2012 6:53:54 PM org.apache.coyote.http11.Http11Protocol start
INFO: Starting Coyote HTTP/1.1 on http-8080
Mar 3, 2012 6:53:54 PM org.apache.jk.common.ChannelSocket init
INFO: JK: ajp13 listening on /0.0.0.0:8009
Mar 3, 2012 6:53:54 PM org.apache.jk.server.JkMain start
INFO: Jk running ID=0 time=0/25  config=null
Mar 3, 2012 6:53:54 PM org.apache.catalina.startup.Catalina start
INFO: Server startup in 854 ms
Mar 3, 2012 6:54:44 PM org.apache.coyote.http11.Http11Protocol pause
INFO: Pausing Coyote HTTP/1.1 on http-8080
Mar 3, 2012 6:54:45 PM org.apache.catalina.core.StandardService stop
INFO: Stopping service Catalina
Mar 3, 2012 6:54:45 PM org.apache.coyote.http11.Http11Protocol destroy
INFO: Stopping Coyote HTTP/1.1 on http-8080
Mar 3, 2012 6:56:49 PM org.apache.catalina.core.AprLifecycleListener init
INFO: The APR based Apache Tomcat Native library which allows optimal performance in production environments was not found on the java.library.path: .:/Library/Java/Extensions:/System/Library/Java/Extensions:/usr/lib/java
Mar 3, 2012 6:56:49 PM org.apache.coyote.http11.Http11Protocol init
INFO: Initializing Coyote HTTP/1.1 on http-8080
Mar 3, 2012 6:56:49 PM org.apache.catalina.startup.Catalina load
INFO: Initialization processed in 476 ms
Mar 3, 2012 6:56:49 PM org.apache.catalina.core.StandardService start
INFO: Starting service Catalina
Mar 3, 2012 6:56:49 PM org.apache.catalina.core.StandardEngine start
INFO: Starting Servlet Engine: Apache Tomcat/6.0.35
Mar 3, 2012 6:56:49 PM org.apache.catalina.startup.HostConfig deployDescriptor
INFO: Deploying configuration descriptor host-manager.xml
Mar 3, 2012 6:56:49 PM org.apache.catalina.startup.HostConfig deployDescriptor
INFO: Deploying configuration descriptor manager.xml
Mar 3, 2012 6:56:50 PM org.apache.catalina.startup.HostConfig deployDirectory
INFO: Deploying web application directory docs
Mar 3, 2012 6:56:50 PM org.apache.catalina.startup.HostConfig deployDirectory
INFO: Deploying web application directory examples
Mar 3, 2012 6:56:50 PM org.apache.catalina.startup.HostConfig deployDirectory
INFO: Deploying web application directory ROOT
Mar 3, 2012 6:56:50 PM org.apache.coyote.http11.Http11Protocol start
INFO: Starting Coyote HTTP/1.1 on http-8080
Mar 3, 2012 6:56:50 PM org.apache.jk.common.ChannelSocket init
INFO: JK: ajp13 listening on /0.0.0.0:8009
Mar 3, 2012 6:56:50 PM org.apache.jk.server.JkMain start
INFO: Jk running ID=0 time=0/14  config=null
Mar 3, 2012 6:56:50 PM org.apache.catalina.startup.Catalina start
INFO: Server startup in 511 ms
Mar 3, 2012 7:03:51 PM org.apache.catalina.startup.HostConfig checkResources
INFO: Undeploying context []
Mar 3, 2012 7:03:51 PM org.apache.catalina.loader.WebappClassLoader clearReferencesJdbc
WARNING: JDBC driver de-registration failed for web application []
java.lang.NullPointerException
	at org.apache.catalina.loader.WebappClassLoader.clearReferencesJdbc(WebappClassLoader.java:1979)
	at org.apache.catalina.loader.WebappClassLoader.clearReferences(WebappClassLoader.java:1915)
	at org.apache.catalina.loader.WebappClassLoader.stop(WebappClassLoader.java:1833)
	at org.apache.catalina.loader.WebappLoader.stop(WebappLoader.java:740)
	at org.apache.catalina.core.StandardContext.stop(StandardContext.java:4920)
	at org.apache.catalina.core.ContainerBase.removeChild(ContainerBase.java:936)
	at org.apache.catalina.startup.HostConfig.checkResources(HostConfig.java:1212)
	at org.apache.catalina.startup.HostConfig.check(HostConfig.java:1382)
	at org.apache.catalina.startup.HostConfig.lifecycleEvent(HostConfig.java:306)
	at org.apache.catalina.util.LifecycleSupport.fireLifecycleEvent(LifecycleSupport.java:142)
	at org.apache.catalina.core.ContainerBase.backgroundProcess(ContainerBase.java:1389)
	at org.apache.catalina.core.ContainerBase$ContainerBackgroundProcessor.processChildren(ContainerBase.java:1653)
	at org.apache.catalina.core.ContainerBase$ContainerBackgroundProcessor.processChildren(ContainerBase.java:1662)
	at org.apache.catalina.core.ContainerBase$ContainerBackgroundProcessor.run(ContainerBase.java:1642)
	at java.lang.Thread.run(Thread.java:680)
Mar 3, 2012 7:03:51 PM org.apache.catalina.startup.HostConfig checkResources
INFO: Undeploying context [/manager]
Mar 3, 2012 7:03:51 PM org.apache.catalina.loader.WebappClassLoader clearReferencesJdbc
WARNING: JDBC driver de-registration failed for web application [/manager]
java.lang.NullPointerException
	at org.apache.catalina.loader.WebappClassLoader.clearReferencesJdbc(WebappClassLoader.java:1979)
	at org.apache.catalina.loader.WebappClassLoader.clearReferences(WebappClassLoader.java:1915)
	at org.apache.catalina.loader.WebappClassLoader.stop(WebappClassLoader.java:1833)
	at org.apache.catalina.loader.WebappLoader.stop(WebappLoader.java:740)
	at org.apache.catalina.core.StandardContext.stop(StandardContext.java:4920)
	at org.apache.catalina.core.ContainerBase.removeChild(ContainerBase.java:936)
	at org.apache.catalina.startup.HostConfig.checkResources(HostConfig.java:1212)
	at org.apache.catalina.startup.HostConfig.check(HostConfig.java:1382)
	at org.apache.catalina.startup.HostConfig.lifecycleEvent(HostConfig.java:306)
	at org.apache.catalina.util.LifecycleSupport.fireLifecycleEvent(LifecycleSupport.java:142)
	at org.apache.catalina.core.ContainerBase.backgroundProcess(ContainerBase.java:1389)
	at org.apache.catalina.core.ContainerBase$ContainerBackgroundProcessor.processChildren(ContainerBase.java:1653)
	at org.apache.catalina.core.ContainerBase$ContainerBackgroundProcessor.processChildren(ContainerBase.java:1662)
	at org.apache.catalina.core.ContainerBase$ContainerBackgroundProcessor.run(ContainerBase.java:1642)
	at java.lang.Thread.run(Thread.java:680)
Mar 3, 2012 7:03:52 PM org.apache.catalina.startup.HostConfig checkResources
INFO: Undeploying context [/docs]
Mar 3, 2012 7:03:52 PM org.apache.catalina.loader.WebappClassLoader clearReferencesJdbc
WARNING: JDBC driver de-registration failed for web application [/docs]
java.lang.NullPointerException
	at org.apache.catalina.loader.WebappClassLoader.clearReferencesJdbc(WebappClassLoader.java:1979)
	at org.apache.catalina.loader.WebappClassLoader.clearReferences(WebappClassLoader.java:1915)
	at org.apache.catalina.loader.WebappClassLoader.stop(WebappClassLoader.java:1833)
	at org.apache.catalina.loader.WebappLoader.stop(WebappLoader.java:740)
	at org.apache.catalina.core.StandardContext.stop(StandardContext.java:4920)
	at org.apache.catalina.core.ContainerBase.removeChild(ContainerBase.java:936)
	at org.apache.catalina.startup.HostConfig.checkResources(HostConfig.java:1212)
	at org.apache.catalina.startup.HostConfig.check(HostConfig.java:1382)
	at org.apache.catalina.startup.HostConfig.lifecycleEvent(HostConfig.java:306)
	at org.apache.catalina.util.LifecycleSupport.fireLifecycleEvent(LifecycleSupport.java:142)
	at org.apache.catalina.core.ContainerBase.backgroundProcess(ContainerBase.java:1389)
	at org.apache.catalina.core.ContainerBase$ContainerBackgroundProcessor.processChildren(ContainerBase.java:1653)
	at org.apache.catalina.core.ContainerBase$ContainerBackgroundProcessor.processChildren(ContainerBase.java:1662)
	at org.apache.catalina.core.ContainerBase$ContainerBackgroundProcessor.run(ContainerBase.java:1642)
	at java.lang.Thread.run(Thread.java:680)
Mar 3, 2012 7:03:52 PM org.apache.catalina.startup.HostConfig checkResources
INFO: Undeploying context [/examples]
Mar 3, 2012 7:03:52 PM org.apache.catalina.loader.WebappClassLoader clearReferencesJdbc
WARNING: JDBC driver de-registration failed for web application [/examples]
java.lang.NullPointerException
	at org.apache.catalina.loader.WebappClassLoader.clearReferencesJdbc(WebappClassLoader.java:1979)
	at org.apache.catalina.loader.WebappClassLoader.clearReferences(WebappClassLoader.java:1915)
	at org.apache.catalina.loader.WebappClassLoader.stop(WebappClassLoader.java:1833)
	at org.apache.catalina.loader.WebappLoader.stop(WebappLoader.java:740)
	at org.apache.catalina.core.StandardContext.stop(StandardContext.java:4920)
	at org.apache.catalina.core.ContainerBase.removeChild(ContainerBase.java:936)
	at org.apache.catalina.startup.HostConfig.checkResources(HostConfig.java:1212)
	at org.apache.catalina.startup.HostConfig.check(HostConfig.java:1382)
	at org.apache.catalina.startup.HostConfig.lifecycleEvent(HostConfig.java:306)
	at org.apache.catalina.util.LifecycleSupport.fireLifecycleEvent(LifecycleSupport.java:142)
	at org.apache.catalina.core.ContainerBase.backgroundProcess(ContainerBase.java:1389)
	at org.apache.catalina.core.ContainerBase$ContainerBackgroundProcessor.processChildren(ContainerBase.java:1653)
	at org.apache.catalina.core.ContainerBase$ContainerBackgroundProcessor.processChildren(ContainerBase.java:1662)
	at org.apache.catalina.core.ContainerBase$ContainerBackgroundProcessor.run(ContainerBase.java:1642)
	at java.lang.Thread.run(Thread.java:680)
Mar 3, 2012 7:03:53 PM org.apache.catalina.startup.HostConfig checkResources
INFO: Undeploying context [/host-manager]
Mar 3, 2012 7:03:53 PM org.apache.catalina.loader.WebappClassLoader clearReferencesJdbc
WARNING: JDBC driver de-registration failed for web application [/host-manager]
java.lang.NullPointerException
	at org.apache.catalina.loader.WebappClassLoader.clearReferencesJdbc(WebappClassLoader.java:1979)
	at org.apache.catalina.loader.WebappClassLoader.clearReferences(WebappClassLoader.java:1915)
	at org.apache.catalina.loader.WebappClassLoader.stop(WebappClassLoader.java:1833)
	at org.apache.catalina.loader.WebappLoader.stop(WebappLoader.java:740)
	at org.apache.catalina.core.StandardContext.stop(StandardContext.java:4920)
	at org.apache.catalina.core.ContainerBase.removeChild(ContainerBase.java:936)
	at org.apache.catalina.startup.HostConfig.checkResources(HostConfig.java:1212)
	at org.apache.catalina.startup.HostConfig.check(HostConfig.java:1382)
	at org.apache.catalina.startup.HostConfig.lifecycleEvent(HostConfig.java:306)
	at org.apache.catalina.util.LifecycleSupport.fireLifecycleEvent(LifecycleSupport.java:142)
	at org.apache.catalina.core.ContainerBase.backgroundProcess(ContainerBase.java:1389)
	at org.apache.catalina.core.ContainerBase$ContainerBackgroundProcessor.processChildren(ContainerBase.java:1653)
	at org.apache.catalina.core.ContainerBase$ContainerBackgroundProcessor.processChildren(ContainerBase.java:1662)
	at org.apache.catalina.core.ContainerBase$ContainerBackgroundProcessor.run(ContainerBase.java:1642)
	at java.lang.Thread.run(Thread.java:680)
Mar 3, 2012 7:05:31 PM org.apache.catalina.core.AprLifecycleListener init
INFO: The APR based Apache Tomcat Native library which allows optimal performance in production environments was not found on the java.library.path: .:/Library/Java/Extensions:/System/Library/Java/Extensions:/usr/lib/java
Mar 3, 2012 7:05:31 PM org.apache.coyote.http11.Http11Protocol init
SEVERE: Error initializing endpoint
java.net.BindException: Address already in use <null>:8080
	at org.apache.tomcat.util.net.JIoEndpoint.init(JIoEndpoint.java:549)
	at org.apache.coyote.http11.Http11Protocol.init(Http11Protocol.java:176)
	at org.apache.catalina.connector.Connector.initialize(Connector.java:1049)
	at org.apache.catalina.core.StandardService.initialize(StandardService.java:703)
	at org.apache.catalina.core.StandardServer.initialize(StandardServer.java:838)
	at org.apache.catalina.startup.Catalina.load(Catalina.java:538)
	at org.apache.catalina.startup.Catalina.load(Catalina.java:562)
	at sun.reflect.NativeMethodAccessorImpl.invoke0(Native Method)
	at sun.reflect.NativeMethodAccessorImpl.invoke(NativeMethodAccessorImpl.java:39)
	at sun.reflect.DelegatingMethodAccessorImpl.invoke(DelegatingMethodAccessorImpl.java:25)
	at java.lang.reflect.Method.invoke(Method.java:597)
	at org.apache.catalina.startup.Bootstrap.load(Bootstrap.java:261)
	at org.apache.catalina.startup.Bootstrap.main(Bootstrap.java:413)
Caused by: java.net.BindException: Address already in use
	at java.net.PlainSocketImpl.socketBind(Native Method)
	at java.net.PlainSocketImpl.bind(PlainSocketImpl.java:383)
	at java.net.ServerSocket.bind(ServerSocket.java:328)
	at java.net.ServerSocket.<init>(ServerSocket.java:194)
	at java.net.ServerSocket.<init>(ServerSocket.java:150)
	at org.apache.tomcat.util.net.DefaultServerSocketFactory.createSocket(DefaultServerSocketFactory.java:50)
	at org.apache.tomcat.util.net.JIoEndpoint.init(JIoEndpoint.java:538)
	... 12 more
Mar 3, 2012 7:05:31 PM org.apache.catalina.core.StandardService initialize
SEVERE: Failed to initialize connector [Connector[HTTP/1.1-8080]]
LifecycleException:  Protocol handler initialization failed: java.net.BindException: Address already in use <null>:8080
	at org.apache.catalina.connector.Connector.initialize(Connector.java:1051)
	at org.apache.catalina.core.StandardService.initialize(StandardService.java:703)
	at org.apache.catalina.core.StandardServer.initialize(StandardServer.java:838)
	at org.apache.catalina.startup.Catalina.load(Catalina.java:538)
	at org.apache.catalina.startup.Catalina.load(Catalina.java:562)
	at sun.reflect.NativeMethodAccessorImpl.invoke0(Native Method)
	at sun.reflect.NativeMethodAccessorImpl.invoke(NativeMethodAccessorImpl.java:39)
	at sun.reflect.DelegatingMethodAccessorImpl.invoke(DelegatingMethodAccessorImpl.java:25)
	at java.lang.reflect.Method.invoke(Method.java:597)
	at org.apache.catalina.startup.Bootstrap.load(Bootstrap.java:261)
	at org.apache.catalina.startup.Bootstrap.main(Bootstrap.java:413)
Mar 3, 2012 7:05:31 PM org.apache.catalina.startup.Catalina load
INFO: Initialization processed in 443 ms
Mar 3, 2012 7:05:31 PM org.apache.catalina.core.StandardService start
INFO: Starting service Catalina
Mar 3, 2012 7:05:31 PM org.apache.catalina.core.StandardEngine start
INFO: Starting Servlet Engine: Apache Tomcat/6.0.35
Mar 3, 2012 7:05:31 PM org.apache.catalina.startup.HostConfig deployDescriptor
INFO: Deploying configuration descriptor host-manager.xml
Mar 3, 2012 7:05:31 PM org.apache.catalina.startup.HostConfig deployDescriptor
INFO: Deploying configuration descriptor manager.xml
Mar 3, 2012 7:05:31 PM org.apache.catalina.startup.HostConfig deployDirectory
INFO: Deploying web application directory docs
Mar 3, 2012 7:05:31 PM org.apache.catalina.startup.HostConfig deployDirectory
INFO: Deploying web application directory examples
Mar 3, 2012 7:05:31 PM org.apache.catalina.startup.HostConfig deployDirectory
INFO: Deploying web application directory ROOT
Mar 3, 2012 7:05:31 PM org.apache.coyote.http11.Http11Protocol start
SEVERE: Error starting endpoint
java.net.BindException: Address already in use <null>:8080
	at org.apache.tomcat.util.net.JIoEndpoint.init(JIoEndpoint.java:549)
	at org.apache.tomcat.util.net.JIoEndpoint.start(JIoEndpoint.java:565)
	at org.apache.coyote.http11.Http11Protocol.start(Http11Protocol.java:203)
	at org.apache.catalina.connector.Connector.start(Connector.java:1122)
	at org.apache.catalina.core.StandardService.start(StandardService.java:540)
	at org.apache.catalina.core.StandardServer.start(StandardServer.java:754)
	at org.apache.catalina.startup.Catalina.start(Catalina.java:595)
	at sun.reflect.NativeMethodAccessorImpl.invoke0(Native Method)
	at sun.reflect.NativeMethodAccessorImpl.invoke(NativeMethodAccessorImpl.java:39)
	at sun.reflect.DelegatingMethodAccessorImpl.invoke(DelegatingMethodAccessorImpl.java:25)
	at java.lang.reflect.Method.invoke(Method.java:597)
	at org.apache.catalina.startup.Bootstrap.start(Bootstrap.java:289)
	at org.apache.catalina.startup.Bootstrap.main(Bootstrap.java:414)
Caused by: java.net.BindException: Address already in use
	at java.net.PlainSocketImpl.socketBind(Native Method)
	at java.net.PlainSocketImpl.bind(PlainSocketImpl.java:383)
	at java.net.ServerSocket.bind(ServerSocket.java:328)
	at java.net.ServerSocket.<init>(ServerSocket.java:194)
	at java.net.ServerSocket.<init>(ServerSocket.java:150)
	at org.apache.tomcat.util.net.DefaultServerSocketFactory.createSocket(DefaultServerSocketFactory.java:50)
	at org.apache.tomcat.util.net.JIoEndpoint.init(JIoEndpoint.java:538)
	... 12 more
Mar 3, 2012 7:05:31 PM org.apache.catalina.core.StandardService start
SEVERE: Failed to start connector [Connector[HTTP/1.1-8080]]
LifecycleException:  service.getName(): "Catalina";  Protocol handler start failed: java.net.BindException: Address already in use <null>:8080
	at org.apache.catalina.connector.Connector.start(Connector.java:1129)
	at org.apache.catalina.core.StandardService.start(StandardService.java:540)
	at org.apache.catalina.core.StandardServer.start(StandardServer.java:754)
	at org.apache.catalina.startup.Catalina.start(Catalina.java:595)
	at sun.reflect.NativeMethodAccessorImpl.invoke0(Native Method)
	at sun.reflect.NativeMethodAccessorImpl.invoke(NativeMethodAccessorImpl.java:39)
	at sun.reflect.DelegatingMethodAccessorImpl.invoke(DelegatingMethodAccessorImpl.java:25)
	at java.lang.reflect.Method.invoke(Method.java:597)
	at org.apache.catalina.startup.Bootstrap.start(Bootstrap.java:289)
	at org.apache.catalina.startup.Bootstrap.main(Bootstrap.java:414)
Mar 3, 2012 7:05:31 PM org.apache.jk.common.ChannelSocket init
INFO: Port busy 8009 java.net.BindException: Address already in use
Mar 3, 2012 7:05:31 PM org.apache.jk.common.ChannelSocket init
SEVERE: Can't find free port 8009 8009
Mar 3, 2012 7:05:31 PM org.apache.jk.server.JkMain start
INFO: Jk running ID=0 time=0/9  config=null
Mar 3, 2012 7:05:31 PM org.apache.catalina.startup.Catalina start
INFO: Server startup in 484 ms
Mar 3, 2012 7:05:31 PM org.apache.catalina.core.StandardServer await
SEVERE: StandardServer.await: create[8005]: 
java.net.BindException: Address already in use
	at java.net.PlainSocketImpl.socketBind(Native Method)
	at java.net.PlainSocketImpl.bind(PlainSocketImpl.java:383)
	at java.net.ServerSocket.bind(ServerSocket.java:328)
	at java.net.ServerSocket.<init>(ServerSocket.java:194)
	at org.apache.catalina.core.StandardServer.await(StandardServer.java:406)
	at org.apache.catalina.startup.Catalina.await(Catalina.java:676)
	at org.apache.catalina.startup.Catalina.start(Catalina.java:628)
	at sun.reflect.NativeMethodAccessorImpl.invoke0(Native Method)
	at sun.reflect.NativeMethodAccessorImpl.invoke(NativeMethodAccessorImpl.java:39)
	at sun.reflect.DelegatingMethodAccessorImpl.invoke(DelegatingMethodAccessorImpl.java:25)
	at java.lang.reflect.Method.invoke(Method.java:597)
	at org.apache.catalina.startup.Bootstrap.start(Bootstrap.java:289)
	at org.apache.catalina.startup.Bootstrap.main(Bootstrap.java:414)
Mar 3, 2012 7:05:31 PM org.apache.coyote.http11.Http11Protocol pause
INFO: Pausing Coyote HTTP/1.1 on http-8080
Mar 3, 2012 7:05:32 PM org.apache.catalina.core.StandardService stop
INFO: Stopping service Catalina
Mar 3, 2012 7:05:32 PM org.apache.coyote.http11.Http11Protocol destroy
INFO: Stopping Coyote HTTP/1.1 on http-8080
Mar 3, 2012 7:06:32 PM org.apache.coyote.http11.Http11Protocol pause
INFO: Pausing Coyote HTTP/1.1 on http-8080
Mar 3, 2012 7:06:33 PM org.apache.catalina.core.StandardService stop
INFO: Stopping service Catalina
Mar 3, 2012 7:06:33 PM org.apache.coyote.http11.Http11Protocol destroy
INFO: Stopping Coyote HTTP/1.1 on http-8080
Mar 3, 2012 7:12:26 PM org.apache.catalina.core.AprLifecycleListener init
INFO: The APR based Apache Tomcat Native library which allows optimal performance in production environments was not found on the java.library.path: .:/Library/Java/Extensions:/System/Library/Java/Extensions:/usr/lib/java
Mar 3, 2012 7:12:26 PM org.apache.coyote.http11.Http11Protocol init
INFO: Initializing Coyote HTTP/1.1 on http-8080
Mar 3, 2012 7:12:26 PM org.apache.catalina.startup.Catalina load
INFO: Initialization processed in 455 ms
Mar 3, 2012 7:12:26 PM org.apache.catalina.core.StandardService start
INFO: Starting service Catalina
Mar 3, 2012 7:12:26 PM org.apache.catalina.core.StandardEngine start
INFO: Starting Servlet Engine: Apache Tomcat/6.0.35
Mar 3, 2012 7:12:26 PM org.apache.catalina.startup.HostConfig deployDescriptor
INFO: Deploying configuration descriptor host-manager.xml
Mar 3, 2012 7:12:26 PM org.apache.catalina.startup.HostConfig deployDescriptor
INFO: Deploying configuration descriptor manager.xml
Mar 3, 2012 7:12:26 PM org.apache.catalina.startup.HostConfig deployDirectory
INFO: Deploying web application directory docs
Mar 3, 2012 7:12:26 PM org.apache.catalina.startup.HostConfig deployDirectory
INFO: Deploying web application directory examples
Mar 3, 2012 7:12:26 PM org.apache.catalina.startup.HostConfig deployDirectory
INFO: Deploying web application directory ROOT
Mar 3, 2012 7:12:26 PM org.apache.coyote.http11.Http11Protocol start
INFO: Starting Coyote HTTP/1.1 on http-8080
Mar 3, 2012 7:12:26 PM org.apache.jk.common.ChannelSocket init
INFO: JK: ajp13 listening on /0.0.0.0:8009
Mar 3, 2012 7:12:26 PM org.apache.jk.server.JkMain start
INFO: Jk running ID=0 time=0/15  config=null
Mar 3, 2012 7:12:26 PM org.apache.catalina.startup.Catalina start
INFO: Server startup in 528 ms
Mar 3, 2012 8:53:02 PM org.apache.jk.common.MsgAjp processHeader
SEVERE: BAD packet signature 18245
Mar 3, 2012 8:53:02 PM org.apache.jk.common.ChannelSocket processConnection
SEVERE: Error, processing connection
java.lang.IndexOutOfBoundsException
	at java.io.BufferedInputStream.read(BufferedInputStream.java:310)
	at org.apache.jk.common.ChannelSocket.read(ChannelSocket.java:628)
	at org.apache.jk.common.ChannelSocket.receive(ChannelSocket.java:585)
	at org.apache.jk.common.ChannelSocket.processConnection(ChannelSocket.java:693)
	at org.apache.jk.common.ChannelSocket$SocketConnection.runIt(ChannelSocket.java:898)
	at org.apache.tomcat.util.threads.ThreadPool$ControlRunnable.run(ThreadPool.java:690)
	at java.lang.Thread.run(Thread.java:680)
Mar 3, 2012 9:24:33 PM org.apache.catalina.startup.HostConfig deployDirectory
INFO: Deploying web application directory timestamps
Mar 3, 2012 9:36:04 PM org.apache.catalina.startup.HostConfig checkResources
INFO: Reloading context [/timestamps]
Mar 3, 2012 9:36:04 PM org.apache.catalina.core.StandardContext start
SEVERE: Error listenerStart
Mar 3, 2012 9:36:04 PM org.apache.catalina.core.StandardContext start
SEVERE: Context [/timestamps] startup failed due to previous errors
Mar 3, 2012 9:36:34 PM org.apache.catalina.startup.HostConfig checkResources
INFO: Reloading context [/timestamps]
Mar 3, 2012 9:36:34 PM org.apache.catalina.core.StandardContext stop
INFO: Container org.apache.catalina.core.ContainerBase.[Catalina].[localhost].[/timestamps] has not been started
