Mar 4, 2012 2:17:14 AM org.apache.catalina.startup.HostConfig checkResources
INFO: Reloading context [/timestamps]
Mar 4, 2012 2:29:45 AM org.apache.catalina.startup.HostConfig deployDirectory
INFO: Deploying web application directory java
Mar 4, 2012 2:29:58 AM org.apache.coyote.http11.Http11Protocol pause
INFO: Pausing Coyote HTTP/1.1 on http-8080
Mar 4, 2012 2:29:59 AM org.apache.catalina.core.StandardService stop
INFO: Stopping service Catalina
Mar 4, 2012 2:29:59 AM org.apache.coyote.http11.Http11Protocol destroy
INFO: Stopping Coyote HTTP/1.1 on http-8080
Mar 4, 2012 2:30:01 AM org.apache.catalina.core.AprLifecycleListener init
INFO: The APR based Apache Tomcat Native library which allows optimal performance in production environments was not found on the java.library.path: .:/Library/Java/Extensions:/System/Library/Java/Extensions:/usr/lib/java
Mar 4, 2012 2:30:01 AM org.apache.coyote.http11.Http11Protocol init
INFO: Initializing Coyote HTTP/1.1 on http-8080
Mar 4, 2012 2:30:01 AM org.apache.catalina.startup.Catalina load
INFO: Initialization processed in 907 ms
Mar 4, 2012 2:30:01 AM org.apache.catalina.core.StandardService start
INFO: Starting service Catalina
Mar 4, 2012 2:30:01 AM org.apache.catalina.core.StandardEngine start
INFO: Starting Servlet Engine: Apache Tomcat/6.0.35
Mar 4, 2012 2:30:01 AM org.apache.catalina.startup.HostConfig deployDescriptor
INFO: Deploying configuration descriptor host-manager.xml
Mar 4, 2012 2:30:02 AM org.apache.catalina.startup.HostConfig deployDescriptor
INFO: Deploying configuration descriptor manager.xml
Mar 4, 2012 2:30:02 AM org.apache.catalina.startup.HostConfig deployDirectory
INFO: Deploying web application directory docs
Mar 4, 2012 2:30:02 AM org.apache.catalina.startup.HostConfig deployDirectory
INFO: Deploying web application directory examples
Mar 4, 2012 2:30:02 AM org.apache.catalina.startup.HostConfig deployDirectory
INFO: Deploying web application directory java
Mar 4, 2012 2:30:02 AM org.apache.catalina.startup.HostConfig deployDirectory
INFO: Deploying web application directory ROOT
Mar 4, 2012 2:30:02 AM org.apache.catalina.startup.HostConfig deployDirectory
INFO: Deploying web application directory timestamps
Mar 4, 2012 2:30:02 AM org.apache.coyote.http11.Http11Protocol start
INFO: Starting Coyote HTTP/1.1 on http-8080
Mar 4, 2012 2:30:02 AM org.apache.jk.common.ChannelSocket init
INFO: JK: ajp13 listening on /0.0.0.0:8009
Mar 4, 2012 2:30:02 AM org.apache.jk.server.JkMain start
INFO: Jk running ID=0 time=0/102  config=null
Mar 4, 2012 2:30:02 AM org.apache.catalina.startup.Catalina start
INFO: Server startup in 1286 ms
Mar 4, 2012 2:45:48 AM org.apache.coyote.http11.Http11Protocol pause
INFO: Pausing Coyote HTTP/1.1 on http-8080
Mar 4, 2012 2:45:49 AM org.apache.catalina.core.StandardService stop
INFO: Stopping service Catalina
Mar 4, 2012 2:45:49 AM org.apache.coyote.http11.Http11Protocol destroy
INFO: Stopping Coyote HTTP/1.1 on http-8080
Mar 4, 2012 2:45:50 AM org.apache.catalina.core.AprLifecycleListener init
INFO: The APR based Apache Tomcat Native library which allows optimal performance in production environments was not found on the java.library.path: .:/Library/Java/Extensions:/System/Library/Java/Extensions:/usr/lib/java
Mar 4, 2012 2:45:50 AM org.apache.coyote.http11.Http11Protocol init
INFO: Initializing Coyote HTTP/1.1 on http-8080
Mar 4, 2012 2:45:50 AM org.apache.catalina.startup.Catalina load
INFO: Initialization processed in 477 ms
Mar 4, 2012 2:45:50 AM org.apache.catalina.core.StandardService start
INFO: Starting service Catalina
Mar 4, 2012 2:45:50 AM org.apache.catalina.core.StandardEngine start
INFO: Starting Servlet Engine: Apache Tomcat/6.0.35
Mar 4, 2012 2:45:50 AM org.apache.catalina.startup.HostConfig deployDescriptor
INFO: Deploying configuration descriptor host-manager.xml
Mar 4, 2012 2:45:50 AM org.apache.catalina.startup.HostConfig deployDescriptor
INFO: Deploying configuration descriptor manager.xml
Mar 4, 2012 2:45:50 AM org.apache.catalina.startup.HostConfig deployDirectory
INFO: Deploying web application directory docs
Mar 4, 2012 2:45:50 AM org.apache.catalina.startup.HostConfig deployDirectory
INFO: Deploying web application directory examples
Mar 4, 2012 2:45:50 AM org.apache.catalina.startup.HostConfig deployDirectory
INFO: Deploying web application directory java
Mar 4, 2012 2:45:50 AM org.apache.catalina.startup.HostConfig deployDirectory
INFO: Deploying web application directory ROOT
Mar 4, 2012 2:45:50 AM org.apache.catalina.startup.HostConfig deployDirectory
INFO: Deploying web application directory timestamps
Mar 4, 2012 2:45:50 AM org.apache.coyote.http11.Http11Protocol start
INFO: Starting Coyote HTTP/1.1 on http-8080
Mar 4, 2012 2:45:51 AM org.apache.jk.common.ChannelSocket init
INFO: JK: ajp13 listening on /0.0.0.0:8009
Mar 4, 2012 2:45:51 AM org.apache.jk.server.JkMain start
INFO: Jk running ID=0 time=0/18  config=null
Mar 4, 2012 2:45:51 AM org.apache.catalina.startup.Catalina start
INFO: Server startup in 682 ms
Mar 4, 2012 2:46:30 AM org.apache.coyote.http11.Http11Protocol pause
INFO: Pausing Coyote HTTP/1.1 on http-8080
Mar 4, 2012 2:46:31 AM org.apache.catalina.core.StandardService stop
INFO: Stopping service Catalina
Mar 4, 2012 2:46:31 AM org.apache.coyote.http11.Http11Protocol destroy
INFO: Stopping Coyote HTTP/1.1 on http-8080
Mar 4, 2012 2:46:31 AM org.apache.catalina.core.AprLifecycleListener init
INFO: The APR based Apache Tomcat Native library which allows optimal performance in production environments was not found on the java.library.path: .:/Library/Java/Extensions:/System/Library/Java/Extensions:/usr/lib/java
Mar 4, 2012 2:46:32 AM org.apache.coyote.http11.Http11Protocol init
INFO: Initializing Coyote HTTP/1.1 on http-8080
Mar 4, 2012 2:46:32 AM org.apache.catalina.startup.Catalina load
INFO: Initialization processed in 505 ms
Mar 4, 2012 2:46:32 AM org.apache.catalina.core.StandardService start
INFO: Starting service Catalina
Mar 4, 2012 2:46:32 AM org.apache.catalina.core.StandardEngine start
INFO: Starting Servlet Engine: Apache Tomcat/6.0.35
Mar 4, 2012 2:46:32 AM org.apache.catalina.startup.HostConfig deployDescriptor
INFO: Deploying configuration descriptor host-manager.xml
Mar 4, 2012 2:46:32 AM org.apache.catalina.startup.HostConfig deployDescriptor
INFO: Deploying configuration descriptor manager.xml
Mar 4, 2012 2:46:32 AM org.apache.catalina.startup.HostConfig deployDirectory
INFO: Deploying web application directory docs
Mar 4, 2012 2:46:32 AM org.apache.catalina.startup.HostConfig deployDirectory
INFO: Deploying web application directory examples
Mar 4, 2012 2:46:32 AM org.apache.catalina.startup.HostConfig deployDirectory
INFO: Deploying web application directory java
Mar 4, 2012 2:46:32 AM org.apache.catalina.startup.HostConfig deployDirectory
INFO: Deploying web application directory ROOT
Mar 4, 2012 2:46:32 AM org.apache.catalina.startup.HostConfig deployDirectory
INFO: Deploying web application directory timestamps
Mar 4, 2012 2:46:32 AM org.apache.coyote.http11.Http11Protocol start
INFO: Starting Coyote HTTP/1.1 on http-8080
Mar 4, 2012 2:46:32 AM org.apache.jk.common.ChannelSocket init
INFO: JK: ajp13 listening on /0.0.0.0:8009
Mar 4, 2012 2:46:32 AM org.apache.jk.server.JkMain start
INFO: Jk running ID=0 time=0/20  config=null
Mar 4, 2012 2:46:32 AM org.apache.catalina.startup.Catalina start
INFO: Server startup in 658 ms
Mar 4, 2012 3:17:13 AM org.apache.catalina.startup.HostConfig checkResources
INFO: Reloading context [/timestamps]
Mar 4, 2012 3:17:28 AM org.apache.coyote.http11.Http11Protocol pause
INFO: Pausing Coyote HTTP/1.1 on http-8080
Mar 4, 2012 3:17:29 AM org.apache.catalina.core.StandardService stop
INFO: Stopping service Catalina
Mar 4, 2012 3:17:29 AM org.apache.coyote.http11.Http11Protocol destroy
INFO: Stopping Coyote HTTP/1.1 on http-8080
Mar 4, 2012 3:17:30 AM org.apache.catalina.core.AprLifecycleListener init
INFO: The APR based Apache Tomcat Native library which allows optimal performance in production environments was not found on the java.library.path: .:/Library/Java/Extensions:/System/Library/Java/Extensions:/usr/lib/java
Mar 4, 2012 3:17:30 AM org.apache.coyote.http11.Http11Protocol init
INFO: Initializing Coyote HTTP/1.1 on http-8080
Mar 4, 2012 3:17:30 AM org.apache.catalina.startup.Catalina load
INFO: Initialization processed in 617 ms
Mar 4, 2012 3:17:30 AM org.apache.catalina.core.StandardService start
INFO: Starting service Catalina
Mar 4, 2012 3:17:30 AM org.apache.catalina.core.StandardEngine start
INFO: Starting Servlet Engine: Apache Tomcat/6.0.35
Mar 4, 2012 3:17:30 AM org.apache.catalina.startup.HostConfig deployDescriptor
INFO: Deploying configuration descriptor host-manager.xml
Mar 4, 2012 3:17:30 AM org.apache.catalina.startup.HostConfig deployDescriptor
INFO: Deploying configuration descriptor manager.xml
Mar 4, 2012 3:17:30 AM org.apache.catalina.startup.HostConfig deployDirectory
INFO: Deploying web application directory docs
Mar 4, 2012 3:17:30 AM org.apache.catalina.startup.HostConfig deployDirectory
INFO: Deploying web application directory examples
Mar 4, 2012 3:17:31 AM org.apache.catalina.startup.HostConfig deployDirectory
INFO: Deploying web application directory java
Mar 4, 2012 3:17:31 AM org.apache.catalina.startup.HostConfig deployDirectory
INFO: Deploying web application directory ROOT
Mar 4, 2012 3:17:31 AM org.apache.catalina.startup.HostConfig deployDirectory
INFO: Deploying web application directory timestamps
Mar 4, 2012 3:17:31 AM org.apache.coyote.http11.Http11Protocol start
INFO: Starting Coyote HTTP/1.1 on http-8080
Mar 4, 2012 3:17:31 AM org.apache.jk.common.ChannelSocket init
INFO: JK: ajp13 listening on /0.0.0.0:8009
Mar 4, 2012 3:17:31 AM org.apache.jk.server.JkMain start
INFO: Jk running ID=0 time=0/21  config=null
Mar 4, 2012 3:17:31 AM org.apache.catalina.startup.Catalina start
INFO: Server startup in 964 ms
Mar 4, 2012 3:18:01 AM org.apache.catalina.startup.HostConfig checkResources
INFO: Reloading context [/java]
Mar 4, 2012 3:18:11 AM org.apache.coyote.http11.Http11Protocol pause
INFO: Pausing Coyote HTTP/1.1 on http-8080
Mar 4, 2012 3:18:12 AM org.apache.catalina.core.StandardService stop
INFO: Stopping service Catalina
Mar 4, 2012 3:18:13 AM org.apache.coyote.http11.Http11Protocol destroy
INFO: Stopping Coyote HTTP/1.1 on http-8080
Mar 4, 2012 3:18:13 AM org.apache.catalina.core.AprLifecycleListener init
INFO: The APR based Apache Tomcat Native library which allows optimal performance in production environments was not found on the java.library.path: .:/Library/Java/Extensions:/System/Library/Java/Extensions:/usr/lib/java
Mar 4, 2012 3:18:13 AM org.apache.coyote.http11.Http11Protocol init
INFO: Initializing Coyote HTTP/1.1 on http-8080
Mar 4, 2012 3:18:13 AM org.apache.catalina.startup.Catalina load
INFO: Initialization processed in 504 ms
Mar 4, 2012 3:18:13 AM org.apache.catalina.core.StandardService start
INFO: Starting service Catalina
Mar 4, 2012 3:18:13 AM org.apache.catalina.core.StandardEngine start
INFO: Starting Servlet Engine: Apache Tomcat/6.0.35
Mar 4, 2012 3:18:13 AM org.apache.catalina.startup.HostConfig deployDescriptor
INFO: Deploying configuration descriptor host-manager.xml
Mar 4, 2012 3:18:13 AM org.apache.catalina.startup.HostConfig deployDescriptor
INFO: Deploying configuration descriptor manager.xml
Mar 4, 2012 3:18:13 AM org.apache.catalina.startup.HostConfig deployDirectory
INFO: Deploying web application directory docs
Mar 4, 2012 3:18:13 AM org.apache.catalina.startup.HostConfig deployDirectory
INFO: Deploying web application directory examples
Mar 4, 2012 3:18:13 AM org.apache.catalina.startup.HostConfig deployDirectory
INFO: Deploying web application directory java
Mar 4, 2012 3:18:13 AM org.apache.catalina.startup.HostConfig deployDirectory
INFO: Deploying web application directory ROOT
Mar 4, 2012 3:18:13 AM org.apache.catalina.startup.HostConfig deployDirectory
INFO: Deploying web application directory timestamps
Mar 4, 2012 3:18:13 AM org.apache.coyote.http11.Http11Protocol start
INFO: Starting Coyote HTTP/1.1 on http-8080
Mar 4, 2012 3:18:14 AM org.apache.jk.common.ChannelSocket init
INFO: JK: ajp13 listening on /0.0.0.0:8009
Mar 4, 2012 3:18:14 AM org.apache.jk.server.JkMain start
INFO: Jk running ID=0 time=0/22  config=null
Mar 4, 2012 3:18:14 AM org.apache.catalina.startup.Catalina start
INFO: Server startup in 639 ms
Mar 4, 2012 3:18:37 AM org.apache.coyote.http11.Http11Protocol pause
INFO: Pausing Coyote HTTP/1.1 on http-8080
Mar 4, 2012 3:18:38 AM org.apache.catalina.core.StandardService stop
INFO: Stopping service Catalina
Mar 4, 2012 3:18:38 AM org.apache.coyote.http11.Http11Protocol destroy
INFO: Stopping Coyote HTTP/1.1 on http-8080
Mar 4, 2012 3:18:43 AM org.apache.catalina.core.AprLifecycleListener init
INFO: The APR based Apache Tomcat Native library which allows optimal performance in production environments was not found on the java.library.path: .:/Library/Java/Extensions:/System/Library/Java/Extensions:/usr/lib/java
Mar 4, 2012 3:18:44 AM org.apache.coyote.http11.Http11Protocol init
INFO: Initializing Coyote HTTP/1.1 on http-8080
Mar 4, 2012 3:18:44 AM org.apache.catalina.startup.Catalina load
INFO: Initialization processed in 455 ms
Mar 4, 2012 3:18:44 AM org.apache.catalina.core.StandardService start
INFO: Starting service Catalina
Mar 4, 2012 3:18:44 AM org.apache.catalina.core.StandardEngine start
INFO: Starting Servlet Engine: Apache Tomcat/6.0.35
Mar 4, 2012 3:18:44 AM org.apache.catalina.startup.HostConfig deployDescriptor
INFO: Deploying configuration descriptor host-manager.xml
Mar 4, 2012 3:18:44 AM org.apache.catalina.startup.HostConfig deployDescriptor
INFO: Deploying configuration descriptor manager.xml
Mar 4, 2012 3:18:44 AM org.apache.catalina.startup.HostConfig deployDirectory
INFO: Deploying web application directory docs
Mar 4, 2012 3:18:44 AM org.apache.catalina.startup.HostConfig deployDirectory
INFO: Deploying web application directory examples
Mar 4, 2012 3:18:44 AM org.apache.catalina.startup.HostConfig deployDirectory
INFO: Deploying web application directory java
Mar 4, 2012 3:18:44 AM org.apache.catalina.startup.HostConfig deployDirectory
INFO: Deploying web application directory ROOT
Mar 4, 2012 3:18:44 AM org.apache.catalina.startup.HostConfig deployDirectory
INFO: Deploying web application directory timestamps
Mar 4, 2012 3:18:44 AM org.apache.coyote.http11.Http11Protocol start
INFO: Starting Coyote HTTP/1.1 on http-8080
Mar 4, 2012 3:18:44 AM org.apache.jk.common.ChannelSocket init
INFO: JK: ajp13 listening on /0.0.0.0:8009
Mar 4, 2012 3:18:44 AM org.apache.jk.server.JkMain start
INFO: Jk running ID=0 time=0/18  config=null
Mar 4, 2012 3:18:44 AM org.apache.catalina.startup.Catalina start
INFO: Server startup in 589 ms
Mar 4, 2012 3:19:04 AM org.apache.catalina.startup.HostConfig checkResources
INFO: Reloading context [/java]
Mar 4, 2012 4:19:20 AM org.apache.coyote.http11.Http11Protocol pause
INFO: Pausing Coyote HTTP/1.1 on http-8080
Mar 4, 2012 4:19:21 AM org.apache.catalina.core.StandardService stop
INFO: Stopping service Catalina
Mar 4, 2012 4:19:21 AM org.apache.coyote.http11.Http11Protocol destroy
INFO: Stopping Coyote HTTP/1.1 on http-8080
Mar 4, 2012 4:19:29 AM org.apache.catalina.core.AprLifecycleListener init
INFO: The APR based Apache Tomcat Native library which allows optimal performance in production environments was not found on the java.library.path: .:/Library/Java/Extensions:/System/Library/Java/Extensions:/usr/lib/java
Mar 4, 2012 4:19:29 AM org.apache.coyote.http11.Http11Protocol init
INFO: Initializing Coyote HTTP/1.1 on http-8080
Mar 4, 2012 4:19:29 AM org.apache.catalina.startup.Catalina load
INFO: Initialization processed in 744 ms
Mar 4, 2012 4:19:29 AM org.apache.catalina.core.StandardService start
INFO: Starting service Catalina
Mar 4, 2012 4:19:29 AM org.apache.catalina.core.StandardEngine start
INFO: Starting Servlet Engine: Apache Tomcat/6.0.35
Mar 4, 2012 4:19:29 AM org.apache.catalina.startup.HostConfig deployDescriptor
INFO: Deploying configuration descriptor host-manager.xml
Mar 4, 2012 4:19:30 AM org.apache.catalina.startup.HostConfig deployDescriptor
INFO: Deploying configuration descriptor manager.xml
Mar 4, 2012 4:19:30 AM org.apache.catalina.startup.HostConfig deployDirectory
INFO: Deploying web application directory docs
Mar 4, 2012 4:19:30 AM org.apache.catalina.startup.HostConfig deployDirectory
INFO: Deploying web application directory examples
Mar 4, 2012 4:19:30 AM org.apache.catalina.startup.HostConfig deployDirectory
INFO: Deploying web application directory java
Mar 4, 2012 4:19:30 AM org.apache.catalina.startup.HostConfig deployDirectory
INFO: Deploying web application directory ROOT
Mar 4, 2012 4:19:30 AM org.apache.catalina.startup.HostConfig deployDirectory
INFO: Deploying web application directory timestamps
Mar 4, 2012 4:19:30 AM org.apache.coyote.http11.Http11Protocol start
INFO: Starting Coyote HTTP/1.1 on http-8080
Mar 4, 2012 4:19:30 AM org.apache.jk.common.ChannelSocket init
INFO: JK: ajp13 listening on /0.0.0.0:8009
Mar 4, 2012 4:19:30 AM org.apache.jk.server.JkMain start
INFO: Jk running ID=0 time=0/47  config=null
Mar 4, 2012 4:19:30 AM org.apache.catalina.startup.Catalina start
INFO: Server startup in 1133 ms
Mar 4, 2012 5:53:25 AM org.apache.catalina.core.AprLifecycleListener init
INFO: The APR based Apache Tomcat Native library which allows optimal performance in production environments was not found on the java.library.path: .:/Library/Java/Extensions:/System/Library/Java/Extensions:/usr/lib/java
Mar 4, 2012 5:53:25 AM org.apache.coyote.http11.Http11Protocol init
SEVERE: Error initializing endpoint
java.net.BindException: Address already in use <null>:8080
	at org.apache.tomcat.util.net.JIoEndpoint.init(JIoEndpoint.java:549)
	at org.apache.coyote.http11.Http11Protocol.init(Http11Protocol.java:176)
	at org.apache.catalina.connector.Connector.initialize(Connector.java:1049)
	at org.apache.catalina.core.StandardService.initialize(StandardService.java:703)
	at org.apache.catalina.core.StandardServer.initialize(StandardServer.java:838)
	at org.apache.catalina.startup.Catalina.load(Catalina.java:538)
	at org.apache.catalina.startup.Catalina.load(Catalina.java:562)
	at sun.reflect.NativeMethodAccessorImpl.invoke0(Native Method)
	at sun.reflect.NativeMethodAccessorImpl.invoke(NativeMethodAccessorImpl.java:39)
	at sun.reflect.DelegatingMethodAccessorImpl.invoke(DelegatingMethodAccessorImpl.java:25)
	at java.lang.reflect.Method.invoke(Method.java:597)
	at org.apache.catalina.startup.Bootstrap.load(Bootstrap.java:261)
	at org.apache.catalina.startup.Bootstrap.main(Bootstrap.java:413)
Caused by: java.net.BindException: Address already in use
	at java.net.PlainSocketImpl.socketBind(Native Method)
	at java.net.PlainSocketImpl.bind(PlainSocketImpl.java:383)
	at java.net.ServerSocket.bind(ServerSocket.java:328)
	at java.net.ServerSocket.<init>(ServerSocket.java:194)
	at java.net.ServerSocket.<init>(ServerSocket.java:150)
	at org.apache.tomcat.util.net.DefaultServerSocketFactory.createSocket(DefaultServerSocketFactory.java:50)
	at org.apache.tomcat.util.net.JIoEndpoint.init(JIoEndpoint.java:538)
	... 12 more
Mar 4, 2012 5:53:25 AM org.apache.catalina.core.StandardService initialize
SEVERE: Failed to initialize connector [Connector[HTTP/1.1-8080]]
LifecycleException:  Protocol handler initialization failed: java.net.BindException: Address already in use <null>:8080
	at org.apache.catalina.connector.Connector.initialize(Connector.java:1051)
	at org.apache.catalina.core.StandardService.initialize(StandardService.java:703)
	at org.apache.catalina.core.StandardServer.initialize(StandardServer.java:838)
	at org.apache.catalina.startup.Catalina.load(Catalina.java:538)
	at org.apache.catalina.startup.Catalina.load(Catalina.java:562)
	at sun.reflect.NativeMethodAccessorImpl.invoke0(Native Method)
	at sun.reflect.NativeMethodAccessorImpl.invoke(NativeMethodAccessorImpl.java:39)
	at sun.reflect.DelegatingMethodAccessorImpl.invoke(DelegatingMethodAccessorImpl.java:25)
	at java.lang.reflect.Method.invoke(Method.java:597)
	at org.apache.catalina.startup.Bootstrap.load(Bootstrap.java:261)
	at org.apache.catalina.startup.Bootstrap.main(Bootstrap.java:413)
Mar 4, 2012 5:53:25 AM org.apache.catalina.startup.Catalina load
INFO: Initialization processed in 693 ms
Mar 4, 2012 5:53:25 AM org.apache.catalina.core.StandardService start
INFO: Starting service Catalina
Mar 4, 2012 5:53:25 AM org.apache.catalina.core.StandardEngine start
INFO: Starting Servlet Engine: Apache Tomcat/6.0.35
Mar 4, 2012 5:53:25 AM org.apache.catalina.startup.HostConfig deployDescriptor
INFO: Deploying configuration descriptor host-manager.xml
Mar 4, 2012 5:53:25 AM org.apache.catalina.startup.HostConfig deployDescriptor
INFO: Deploying configuration descriptor manager.xml
Mar 4, 2012 5:53:25 AM org.apache.catalina.startup.HostConfig deployDirectory
INFO: Deploying web application directory docs
Mar 4, 2012 5:53:25 AM org.apache.catalina.startup.HostConfig deployDirectory
INFO: Deploying web application directory examples
Mar 4, 2012 5:53:26 AM org.apache.catalina.startup.HostConfig deployDirectory
INFO: Deploying web application directory java
Mar 4, 2012 5:53:26 AM org.apache.catalina.startup.HostConfig deployDirectory
INFO: Deploying web application directory ROOT
Mar 4, 2012 5:53:26 AM org.apache.catalina.startup.HostConfig deployDirectory
INFO: Deploying web application directory timestamps
Mar 4, 2012 5:53:26 AM org.apache.coyote.http11.Http11Protocol start
SEVERE: Error starting endpoint
java.net.BindException: Address already in use <null>:8080
	at org.apache.tomcat.util.net.JIoEndpoint.init(JIoEndpoint.java:549)
	at org.apache.tomcat.util.net.JIoEndpoint.start(JIoEndpoint.java:565)
	at org.apache.coyote.http11.Http11Protocol.start(Http11Protocol.java:203)
	at org.apache.catalina.connector.Connector.start(Connector.java:1122)
	at org.apache.catalina.core.StandardService.start(StandardService.java:540)
	at org.apache.catalina.core.StandardServer.start(StandardServer.java:754)
	at org.apache.catalina.startup.Catalina.start(Catalina.java:595)
	at sun.reflect.NativeMethodAccessorImpl.invoke0(Native Method)
	at sun.reflect.NativeMethodAccessorImpl.invoke(NativeMethodAccessorImpl.java:39)
	at sun.reflect.DelegatingMethodAccessorImpl.invoke(DelegatingMethodAccessorImpl.java:25)
	at java.lang.reflect.Method.invoke(Method.java:597)
	at org.apache.catalina.startup.Bootstrap.start(Bootstrap.java:289)
	at org.apache.catalina.startup.Bootstrap.main(Bootstrap.java:414)
Caused by: java.net.BindException: Address already in use
	at java.net.PlainSocketImpl.socketBind(Native Method)
	at java.net.PlainSocketImpl.bind(PlainSocketImpl.java:383)
	at java.net.ServerSocket.bind(ServerSocket.java:328)
	at java.net.ServerSocket.<init>(ServerSocket.java:194)
	at java.net.ServerSocket.<init>(ServerSocket.java:150)
	at org.apache.tomcat.util.net.DefaultServerSocketFactory.createSocket(DefaultServerSocketFactory.java:50)
	at org.apache.tomcat.util.net.JIoEndpoint.init(JIoEndpoint.java:538)
	... 12 more
Mar 4, 2012 5:53:26 AM org.apache.catalina.core.StandardService start
SEVERE: Failed to start connector [Connector[HTTP/1.1-8080]]
LifecycleException:  service.getName(): "Catalina";  Protocol handler start failed: java.net.BindException: Address already in use <null>:8080
	at org.apache.catalina.connector.Connector.start(Connector.java:1129)
	at org.apache.catalina.core.StandardService.start(StandardService.java:540)
	at org.apache.catalina.core.StandardServer.start(StandardServer.java:754)
	at org.apache.catalina.startup.Catalina.start(Catalina.java:595)
	at sun.reflect.NativeMethodAccessorImpl.invoke0(Native Method)
	at sun.reflect.NativeMethodAccessorImpl.invoke(NativeMethodAccessorImpl.java:39)
	at sun.reflect.DelegatingMethodAccessorImpl.invoke(DelegatingMethodAccessorImpl.java:25)
	at java.lang.reflect.Method.invoke(Method.java:597)
	at org.apache.catalina.startup.Bootstrap.start(Bootstrap.java:289)
	at org.apache.catalina.startup.Bootstrap.main(Bootstrap.java:414)
Mar 4, 2012 5:53:26 AM org.apache.jk.common.ChannelSocket init
INFO: Port busy 8009 java.net.BindException: Address already in use
Mar 4, 2012 5:53:26 AM org.apache.jk.common.ChannelSocket init
SEVERE: Can't find free port 8009 8009
Mar 4, 2012 5:53:26 AM org.apache.jk.server.JkMain start
INFO: Jk running ID=0 time=0/9  config=null
Mar 4, 2012 5:53:26 AM org.apache.catalina.startup.Catalina start
INFO: Server startup in 1056 ms
Mar 4, 2012 5:53:26 AM org.apache.catalina.core.StandardServer await
SEVERE: StandardServer.await: create[8005]: 
java.net.BindException: Address already in use
	at java.net.PlainSocketImpl.socketBind(Native Method)
	at java.net.PlainSocketImpl.bind(PlainSocketImpl.java:383)
	at java.net.ServerSocket.bind(ServerSocket.java:328)
	at java.net.ServerSocket.<init>(ServerSocket.java:194)
	at org.apache.catalina.core.StandardServer.await(StandardServer.java:406)
	at org.apache.catalina.startup.Catalina.await(Catalina.java:676)
	at org.apache.catalina.startup.Catalina.start(Catalina.java:628)
	at sun.reflect.NativeMethodAccessorImpl.invoke0(Native Method)
	at sun.reflect.NativeMethodAccessorImpl.invoke(NativeMethodAccessorImpl.java:39)
	at sun.reflect.DelegatingMethodAccessorImpl.invoke(DelegatingMethodAccessorImpl.java:25)
	at java.lang.reflect.Method.invoke(Method.java:597)
	at org.apache.catalina.startup.Bootstrap.start(Bootstrap.java:289)
	at org.apache.catalina.startup.Bootstrap.main(Bootstrap.java:414)
Mar 4, 2012 5:53:26 AM org.apache.coyote.http11.Http11Protocol pause
INFO: Pausing Coyote HTTP/1.1 on http-8080
Mar 4, 2012 5:53:27 AM org.apache.catalina.core.StandardService stop
INFO: Stopping service Catalina
Mar 4, 2012 5:53:27 AM org.apache.coyote.http11.Http11Protocol destroy
INFO: Stopping Coyote HTTP/1.1 on http-8080
Mar 4, 2012 6:00:07 AM org.apache.catalina.startup.HostConfig checkResources
INFO: Reloading context [/timestamps]
Mar 4, 2012 6:00:27 AM org.apache.coyote.http11.Http11Protocol pause
INFO: Pausing Coyote HTTP/1.1 on http-8080
Mar 4, 2012 6:00:28 AM org.apache.catalina.core.StandardService stop
INFO: Stopping service Catalina
Mar 4, 2012 6:00:28 AM org.apache.coyote.http11.Http11Protocol destroy
INFO: Stopping Coyote HTTP/1.1 on http-8080
Mar 4, 2012 6:00:29 AM org.apache.catalina.core.AprLifecycleListener init
INFO: The APR based Apache Tomcat Native library which allows optimal performance in production environments was not found on the java.library.path: .:/Library/Java/Extensions:/System/Library/Java/Extensions:/usr/lib/java
Mar 4, 2012 6:00:29 AM org.apache.coyote.http11.Http11Protocol init
INFO: Initializing Coyote HTTP/1.1 on http-8080
Mar 4, 2012 6:00:29 AM org.apache.catalina.startup.Catalina load
INFO: Initialization processed in 474 ms
Mar 4, 2012 6:00:29 AM org.apache.catalina.core.StandardService start
INFO: Starting service Catalina
Mar 4, 2012 6:00:29 AM org.apache.catalina.core.StandardEngine start
INFO: Starting Servlet Engine: Apache Tomcat/6.0.35
Mar 4, 2012 6:00:29 AM org.apache.catalina.startup.HostConfig deployDescriptor
INFO: Deploying configuration descriptor host-manager.xml
Mar 4, 2012 6:00:29 AM org.apache.catalina.startup.HostConfig deployDescriptor
INFO: Deploying configuration descriptor manager.xml
Mar 4, 2012 6:00:29 AM org.apache.catalina.startup.HostConfig deployDirectory
INFO: Deploying web application directory docs
Mar 4, 2012 6:00:29 AM org.apache.catalina.startup.HostConfig deployDirectory
INFO: Deploying web application directory examples
Mar 4, 2012 6:00:30 AM org.apache.catalina.startup.HostConfig deployDirectory
INFO: Deploying web application directory java
Mar 4, 2012 6:00:30 AM org.apache.catalina.startup.HostConfig deployDirectory
INFO: Deploying web application directory ROOT
Mar 4, 2012 6:00:30 AM org.apache.catalina.startup.HostConfig deployDirectory
INFO: Deploying web application directory timestamps
Mar 4, 2012 6:00:30 AM org.apache.coyote.http11.Http11Protocol start
INFO: Starting Coyote HTTP/1.1 on http-8080
Mar 4, 2012 6:00:30 AM org.apache.jk.common.ChannelSocket init
INFO: JK: ajp13 listening on /0.0.0.0:8009
Mar 4, 2012 6:00:30 AM org.apache.jk.server.JkMain start
INFO: Jk running ID=0 time=0/18  config=null
Mar 4, 2012 6:00:30 AM org.apache.catalina.startup.Catalina start
INFO: Server startup in 606 ms
Mar 4, 2012 6:25:33 AM org.apache.coyote.http11.Http11Protocol pause
INFO: Pausing Coyote HTTP/1.1 on http-8080
Mar 4, 2012 6:25:34 AM org.apache.catalina.core.StandardService stop
INFO: Stopping service Catalina
Mar 4, 2012 6:25:34 AM org.apache.coyote.http11.Http11Protocol destroy
INFO: Stopping Coyote HTTP/1.1 on http-8080
Mar 4, 2012 6:25:41 AM org.apache.catalina.core.AprLifecycleListener init
INFO: The APR based Apache Tomcat Native library which allows optimal performance in production environments was not found on the java.library.path: .:/Library/Java/Extensions:/System/Library/Java/Extensions:/usr/lib/java
Mar 4, 2012 6:25:41 AM org.apache.coyote.http11.Http11Protocol init
INFO: Initializing Coyote HTTP/1.1 on http-8080
Mar 4, 2012 6:25:41 AM org.apache.catalina.startup.Catalina load
INFO: Initialization processed in 446 ms
Mar 4, 2012 6:25:41 AM org.apache.catalina.core.StandardService start
INFO: Starting service Catalina
Mar 4, 2012 6:25:41 AM org.apache.catalina.core.StandardEngine start
INFO: Starting Servlet Engine: Apache Tomcat/6.0.35
Mar 4, 2012 6:25:41 AM org.apache.catalina.startup.HostConfig deployDescriptor
INFO: Deploying configuration descriptor host-manager.xml
Mar 4, 2012 6:25:41 AM org.apache.catalina.startup.HostConfig deployDescriptor
INFO: Deploying configuration descriptor manager.xml
Mar 4, 2012 6:25:41 AM org.apache.catalina.startup.HostConfig deployDirectory
INFO: Deploying web application directory docs
Mar 4, 2012 6:25:41 AM org.apache.catalina.startup.HostConfig deployDirectory
INFO: Deploying web application directory examples
Mar 4, 2012 6:25:41 AM org.apache.catalina.startup.HostConfig deployDirectory
INFO: Deploying web application directory java
Mar 4, 2012 6:25:42 AM org.apache.catalina.startup.HostConfig deployDirectory
INFO: Deploying web application directory ROOT
Mar 4, 2012 6:25:42 AM org.apache.catalina.startup.HostConfig deployDirectory
INFO: Deploying web application directory timestamps
Mar 4, 2012 6:25:42 AM org.apache.coyote.http11.Http11Protocol start
INFO: Starting Coyote HTTP/1.1 on http-8080
Mar 4, 2012 6:25:42 AM org.apache.jk.common.ChannelSocket init
INFO: JK: ajp13 listening on /0.0.0.0:8009
Mar 4, 2012 6:25:42 AM org.apache.jk.server.JkMain start
INFO: Jk running ID=0 time=0/14  config=null
Mar 4, 2012 6:25:42 AM org.apache.catalina.startup.Catalina start
INFO: Server startup in 605 ms
Mar 4, 2012 6:45:22 AM org.apache.catalina.startup.HostConfig checkResources
INFO: Reloading context [/timestamps]
Mar 4, 2012 6:45:28 AM org.apache.coyote.http11.Http11Protocol pause
INFO: Pausing Coyote HTTP/1.1 on http-8080
Mar 4, 2012 6:45:29 AM org.apache.catalina.core.StandardService stop
INFO: Stopping service Catalina
Mar 4, 2012 6:45:29 AM org.apache.coyote.http11.Http11Protocol destroy
INFO: Stopping Coyote HTTP/1.1 on http-8080
Mar 4, 2012 6:45:39 AM org.apache.catalina.core.AprLifecycleListener init
INFO: The APR based Apache Tomcat Native library which allows optimal performance in production environments was not found on the java.library.path: .:/Library/Java/Extensions:/System/Library/Java/Extensions:/usr/lib/java
Mar 4, 2012 6:45:39 AM org.apache.coyote.http11.Http11Protocol init
INFO: Initializing Coyote HTTP/1.1 on http-8080
Mar 4, 2012 6:45:39 AM org.apache.catalina.startup.Catalina load
INFO: Initialization processed in 479 ms
Mar 4, 2012 6:45:39 AM org.apache.catalina.core.StandardService start
INFO: Starting service Catalina
Mar 4, 2012 6:45:39 AM org.apache.catalina.core.StandardEngine start
INFO: Starting Servlet Engine: Apache Tomcat/6.0.35
Mar 4, 2012 6:45:39 AM org.apache.catalina.startup.HostConfig deployDescriptor
INFO: Deploying configuration descriptor host-manager.xml
Mar 4, 2012 6:45:39 AM org.apache.catalina.startup.HostConfig deployDescriptor
INFO: Deploying configuration descriptor manager.xml
Mar 4, 2012 6:45:39 AM org.apache.catalina.startup.HostConfig deployDirectory
INFO: Deploying web application directory docs
Mar 4, 2012 6:45:39 AM org.apache.catalina.startup.HostConfig deployDirectory
INFO: Deploying web application directory examples
Mar 4, 2012 6:45:39 AM org.apache.catalina.startup.HostConfig deployDirectory
INFO: Deploying web application directory java
Mar 4, 2012 6:45:39 AM org.apache.catalina.startup.HostConfig deployDirectory
INFO: Deploying web application directory ROOT
Mar 4, 2012 6:45:39 AM org.apache.catalina.startup.HostConfig deployDirectory
INFO: Deploying web application directory timestamps
Mar 4, 2012 6:45:39 AM org.apache.coyote.http11.Http11Protocol start
INFO: Starting Coyote HTTP/1.1 on http-8080
Mar 4, 2012 6:45:39 AM org.apache.jk.common.ChannelSocket init
INFO: JK: ajp13 listening on /0.0.0.0:8009
Mar 4, 2012 6:45:39 AM org.apache.jk.server.JkMain start
INFO: Jk running ID=0 time=0/13  config=null
Mar 4, 2012 6:45:39 AM org.apache.catalina.startup.Catalina start
INFO: Server startup in 549 ms
Mar 4, 2012 7:24:11 AM org.apache.coyote.http11.Http11Protocol pause
INFO: Pausing Coyote HTTP/1.1 on http-8080
Mar 4, 2012 7:24:12 AM org.apache.catalina.core.StandardService stop
INFO: Stopping service Catalina
Mar 4, 2012 7:24:12 AM org.apache.coyote.http11.Http11Protocol destroy
INFO: Stopping Coyote HTTP/1.1 on http-8080
Mar 4, 2012 7:24:17 AM org.apache.catalina.core.AprLifecycleListener init
INFO: The APR based Apache Tomcat Native library which allows optimal performance in production environments was not found on the java.library.path: .:/Library/Java/Extensions:/System/Library/Java/Extensions:/usr/lib/java
Mar 4, 2012 7:24:18 AM org.apache.coyote.http11.Http11Protocol init
INFO: Initializing Coyote HTTP/1.1 on http-8080
Mar 4, 2012 7:24:18 AM org.apache.catalina.startup.Catalina load
INFO: Initialization processed in 543 ms
Mar 4, 2012 7:24:18 AM org.apache.catalina.core.StandardService start
INFO: Starting service Catalina
Mar 4, 2012 7:24:18 AM org.apache.catalina.core.StandardEngine start
INFO: Starting Servlet Engine: Apache Tomcat/6.0.35
Mar 4, 2012 7:24:18 AM org.apache.catalina.startup.HostConfig deployDescriptor
INFO: Deploying configuration descriptor host-manager.xml
Mar 4, 2012 7:24:18 AM org.apache.catalina.startup.HostConfig deployDescriptor
INFO: Deploying configuration descriptor manager.xml
Mar 4, 2012 7:24:18 AM org.apache.catalina.startup.HostConfig deployDirectory
INFO: Deploying web application directory docs
Mar 4, 2012 7:24:18 AM org.apache.catalina.startup.HostConfig deployDirectory
INFO: Deploying web application directory examples
Mar 4, 2012 7:24:18 AM org.apache.catalina.startup.HostConfig deployDirectory
INFO: Deploying web application directory java
Mar 4, 2012 7:24:18 AM org.apache.catalina.startup.HostConfig deployDirectory
INFO: Deploying web application directory ROOT
Mar 4, 2012 7:24:18 AM org.apache.catalina.startup.HostConfig deployDirectory
INFO: Deploying web application directory timestamps
Mar 4, 2012 7:24:18 AM org.apache.coyote.http11.Http11Protocol start
INFO: Starting Coyote HTTP/1.1 on http-8080
Mar 4, 2012 7:24:18 AM org.apache.jk.common.ChannelSocket init
INFO: JK: ajp13 listening on /0.0.0.0:8009
Mar 4, 2012 7:24:18 AM org.apache.jk.server.JkMain start
INFO: Jk running ID=0 time=0/14  config=null
Mar 4, 2012 7:24:18 AM org.apache.catalina.startup.Catalina start
INFO: Server startup in 735 ms
Mar 4, 2012 7:29:15 AM org.apache.coyote.http11.Http11Protocol pause
INFO: Pausing Coyote HTTP/1.1 on http-8080
Mar 4, 2012 7:29:16 AM org.apache.catalina.core.StandardService stop
INFO: Stopping service Catalina
Mar 4, 2012 7:29:16 AM org.apache.coyote.http11.Http11Protocol destroy
INFO: Stopping Coyote HTTP/1.1 on http-8080
Mar 4, 2012 7:29:17 AM org.apache.catalina.core.AprLifecycleListener init
INFO: The APR based Apache Tomcat Native library which allows optimal performance in production environments was not found on the java.library.path: .:/Library/Java/Extensions:/System/Library/Java/Extensions:/usr/lib/java
Mar 4, 2012 7:29:17 AM org.apache.coyote.http11.Http11Protocol init
INFO: Initializing Coyote HTTP/1.1 on http-8080
Mar 4, 2012 7:29:17 AM org.apache.catalina.startup.Catalina load
INFO: Initialization processed in 516 ms
Mar 4, 2012 7:29:18 AM org.apache.catalina.core.StandardService start
INFO: Starting service Catalina
Mar 4, 2012 7:29:18 AM org.apache.catalina.core.StandardEngine start
INFO: Starting Servlet Engine: Apache Tomcat/6.0.35
Mar 4, 2012 7:29:18 AM org.apache.catalina.startup.HostConfig deployDescriptor
INFO: Deploying configuration descriptor host-manager.xml
Mar 4, 2012 7:29:18 AM org.apache.catalina.startup.HostConfig deployDescriptor
INFO: Deploying configuration descriptor manager.xml
Mar 4, 2012 7:29:18 AM org.apache.catalina.startup.HostConfig deployDirectory
INFO: Deploying web application directory docs
Mar 4, 2012 7:29:18 AM org.apache.catalina.startup.HostConfig deployDirectory
INFO: Deploying web application directory examples
Mar 4, 2012 7:29:18 AM org.apache.catalina.startup.HostConfig deployDirectory
INFO: Deploying web application directory java
Mar 4, 2012 7:29:18 AM org.apache.catalina.startup.HostConfig deployDirectory
INFO: Deploying web application directory ROOT
Mar 4, 2012 7:29:18 AM org.apache.catalina.startup.HostConfig deployDirectory
INFO: Deploying web application directory timestamps
Mar 4, 2012 7:29:18 AM org.apache.coyote.http11.Http11Protocol start
INFO: Starting Coyote HTTP/1.1 on http-8080
Mar 4, 2012 7:29:18 AM org.apache.jk.common.ChannelSocket init
INFO: JK: ajp13 listening on /0.0.0.0:8009
Mar 4, 2012 7:29:18 AM org.apache.jk.server.JkMain start
INFO: Jk running ID=0 time=1/19  config=null
Mar 4, 2012 7:29:18 AM org.apache.catalina.startup.Catalina start
INFO: Server startup in 635 ms
Mar 4, 2012 7:30:28 AM org.apache.coyote.http11.Http11Protocol pause
INFO: Pausing Coyote HTTP/1.1 on http-8080
Mar 4, 2012 7:30:29 AM org.apache.catalina.core.StandardService stop
INFO: Stopping service Catalina
Mar 4, 2012 7:30:29 AM org.apache.coyote.http11.Http11Protocol destroy
INFO: Stopping Coyote HTTP/1.1 on http-8080
Mar 4, 2012 7:30:29 AM org.apache.catalina.core.AprLifecycleListener init
INFO: The APR based Apache Tomcat Native library which allows optimal performance in production environments was not found on the java.library.path: .:/Library/Java/Extensions:/System/Library/Java/Extensions:/usr/lib/java
Mar 4, 2012 7:30:29 AM org.apache.coyote.http11.Http11Protocol init
INFO: Initializing Coyote HTTP/1.1 on http-8080
Mar 4, 2012 7:30:29 AM org.apache.catalina.startup.Catalina load
INFO: Initialization processed in 529 ms
Mar 4, 2012 7:30:29 AM org.apache.catalina.core.StandardService start
INFO: Starting service Catalina
Mar 4, 2012 7:30:29 AM org.apache.catalina.core.StandardEngine start
INFO: Starting Servlet Engine: Apache Tomcat/6.0.35
Mar 4, 2012 7:30:29 AM org.apache.catalina.startup.HostConfig deployDescriptor
INFO: Deploying configuration descriptor host-manager.xml
Mar 4, 2012 7:30:30 AM org.apache.catalina.startup.HostConfig deployDescriptor
INFO: Deploying configuration descriptor manager.xml
Mar 4, 2012 7:30:30 AM org.apache.catalina.startup.HostConfig deployDirectory
INFO: Deploying web application directory docs
Mar 4, 2012 7:30:30 AM org.apache.catalina.startup.HostConfig deployDirectory
INFO: Deploying web application directory examples
Mar 4, 2012 7:30:30 AM org.apache.catalina.startup.HostConfig deployDirectory
INFO: Deploying web application directory java
Mar 4, 2012 7:30:30 AM org.apache.catalina.startup.HostConfig deployDirectory
INFO: Deploying web application directory ROOT
Mar 4, 2012 7:30:30 AM org.apache.catalina.startup.HostConfig deployDirectory
INFO: Deploying web application directory timestamps
Mar 4, 2012 7:30:30 AM org.apache.coyote.http11.Http11Protocol start
INFO: Starting Coyote HTTP/1.1 on http-8080
Mar 4, 2012 7:30:30 AM org.apache.jk.common.ChannelSocket init
INFO: JK: ajp13 listening on /0.0.0.0:8009
Mar 4, 2012 7:30:30 AM org.apache.jk.server.JkMain start
INFO: Jk running ID=0 time=0/20  config=null
Mar 4, 2012 7:30:30 AM org.apache.catalina.startup.Catalina start
INFO: Server startup in 717 ms
Mar 4, 2012 8:22:09 AM org.apache.jk.common.MsgAjp processHeader
SEVERE: BAD packet signature 18245
Mar 4, 2012 8:22:09 AM org.apache.jk.common.ChannelSocket processConnection
SEVERE: Error, processing connection
java.lang.IndexOutOfBoundsException
	at java.io.BufferedInputStream.read(BufferedInputStream.java:310)
	at org.apache.jk.common.ChannelSocket.read(ChannelSocket.java:628)
	at org.apache.jk.common.ChannelSocket.receive(ChannelSocket.java:585)
	at org.apache.jk.common.ChannelSocket.processConnection(ChannelSocket.java:693)
	at org.apache.jk.common.ChannelSocket$SocketConnection.runIt(ChannelSocket.java:898)
	at org.apache.tomcat.util.threads.ThreadPool$ControlRunnable.run(ThreadPool.java:690)
	at java.lang.Thread.run(Thread.java:680)
Mar 4, 2012 8:32:45 AM org.apache.coyote.http11.Http11Protocol pause
INFO: Pausing Coyote HTTP/1.1 on http-8080
Mar 4, 2012 8:32:46 AM org.apache.catalina.core.StandardService stop
INFO: Stopping service Catalina
Mar 4, 2012 8:32:46 AM org.apache.coyote.http11.Http11Protocol destroy
INFO: Stopping Coyote HTTP/1.1 on http-8080
