Mar 6, 2012 5:17:59 PM org.apache.catalina.core.ApplicationContext log
INFO: ContextListener: contextInitialized()
Mar 6, 2012 5:17:59 PM org.apache.catalina.core.ApplicationContext log
INFO: SessionListener: contextInitialized()
Mar 6, 2012 5:18:00 PM org.apache.catalina.core.ApplicationContext log
INFO: Marking servlet controller as unavailable
Mar 6, 2012 5:18:00 PM org.apache.catalina.core.ApplicationContext log
SEVERE: Error loading WebappClassLoader
  context: /timestamps
  delegate: false
  repositories:
    /WEB-INF/classes/
----------> Parent Classloader:
org.apache.catalina.loader.StandardClassLoader@513bd574
 com.mycompany.mypackage.ControllerServlet
java.lang.ClassNotFoundException: com.mycompany.mypackage.ControllerServlet
	at org.apache.catalina.loader.WebappClassLoader.loadClass(WebappClassLoader.java:1680)
	at org.apache.catalina.loader.WebappClassLoader.loadClass(WebappClassLoader.java:1526)
	at org.apache.catalina.core.StandardWrapper.loadServlet(StandardWrapper.java:1128)
	at org.apache.catalina.core.StandardWrapper.load(StandardWrapper.java:1026)
	at org.apache.catalina.core.StandardContext.loadOnStartup(StandardContext.java:4421)
	at org.apache.catalina.core.StandardContext.start(StandardContext.java:4734)
	at org.apache.catalina.core.ContainerBase.addChildInternal(ContainerBase.java:799)
	at org.apache.catalina.core.ContainerBase.addChild(ContainerBase.java:779)
	at org.apache.catalina.core.StandardHost.addChild(StandardHost.java:601)
	at org.apache.catalina.startup.HostConfig.deployDirectory(HostConfig.java:1079)
	at org.apache.catalina.startup.HostConfig.deployDirectories(HostConfig.java:1002)
	at org.apache.catalina.startup.HostConfig.deployApps(HostConfig.java:506)
	at org.apache.catalina.startup.HostConfig.start(HostConfig.java:1317)
	at org.apache.catalina.startup.HostConfig.lifecycleEvent(HostConfig.java:324)
	at org.apache.catalina.util.LifecycleSupport.fireLifecycleEvent(LifecycleSupport.java:142)
	at org.apache.catalina.core.ContainerBase.start(ContainerBase.java:1065)
	at org.apache.catalina.core.StandardHost.start(StandardHost.java:840)
	at org.apache.catalina.core.ContainerBase.start(ContainerBase.java:1057)
	at org.apache.catalina.core.StandardEngine.start(StandardEngine.java:463)
	at org.apache.catalina.core.StandardService.start(StandardService.java:525)
	at org.apache.catalina.core.StandardServer.start(StandardServer.java:754)
	at org.apache.catalina.startup.Catalina.start(Catalina.java:595)
	at sun.reflect.NativeMethodAccessorImpl.invoke0(Native Method)
	at sun.reflect.NativeMethodAccessorImpl.invoke(NativeMethodAccessorImpl.java:39)
	at sun.reflect.DelegatingMethodAccessorImpl.invoke(DelegatingMethodAccessorImpl.java:25)
	at java.lang.reflect.Method.invoke(Method.java:597)
	at org.apache.catalina.startup.Bootstrap.start(Bootstrap.java:289)
	at org.apache.catalina.startup.Bootstrap.main(Bootstrap.java:414)
Mar 6, 2012 5:18:00 PM org.apache.catalina.core.StandardContext loadOnStartup
SEVERE: Servlet /timestamps threw load() exception
java.lang.ClassNotFoundException: com.mycompany.mypackage.ControllerServlet
	at org.apache.catalina.loader.WebappClassLoader.loadClass(WebappClassLoader.java:1680)
	at org.apache.catalina.loader.WebappClassLoader.loadClass(WebappClassLoader.java:1526)
	at org.apache.catalina.core.StandardWrapper.loadServlet(StandardWrapper.java:1128)
	at org.apache.catalina.core.StandardWrapper.load(StandardWrapper.java:1026)
	at org.apache.catalina.core.StandardContext.loadOnStartup(StandardContext.java:4421)
	at org.apache.catalina.core.StandardContext.start(StandardContext.java:4734)
	at org.apache.catalina.core.ContainerBase.addChildInternal(ContainerBase.java:799)
	at org.apache.catalina.core.ContainerBase.addChild(ContainerBase.java:779)
	at org.apache.catalina.core.StandardHost.addChild(StandardHost.java:601)
	at org.apache.catalina.startup.HostConfig.deployDirectory(HostConfig.java:1079)
	at org.apache.catalina.startup.HostConfig.deployDirectories(HostConfig.java:1002)
	at org.apache.catalina.startup.HostConfig.deployApps(HostConfig.java:506)
	at org.apache.catalina.startup.HostConfig.start(HostConfig.java:1317)
	at org.apache.catalina.startup.HostConfig.lifecycleEvent(HostConfig.java:324)
	at org.apache.catalina.util.LifecycleSupport.fireLifecycleEvent(LifecycleSupport.java:142)
	at org.apache.catalina.core.ContainerBase.start(ContainerBase.java:1065)
	at org.apache.catalina.core.StandardHost.start(StandardHost.java:840)
	at org.apache.catalina.core.ContainerBase.start(ContainerBase.java:1057)
	at org.apache.catalina.core.StandardEngine.start(StandardEngine.java:463)
	at org.apache.catalina.core.StandardService.start(StandardService.java:525)
	at org.apache.catalina.core.StandardServer.start(StandardServer.java:754)
	at org.apache.catalina.startup.Catalina.start(Catalina.java:595)
	at sun.reflect.NativeMethodAccessorImpl.invoke0(Native Method)
	at sun.reflect.NativeMethodAccessorImpl.invoke(NativeMethodAccessorImpl.java:39)
	at sun.reflect.DelegatingMethodAccessorImpl.invoke(DelegatingMethodAccessorImpl.java:25)
	at java.lang.reflect.Method.invoke(Method.java:597)
	at org.apache.catalina.startup.Bootstrap.start(Bootstrap.java:289)
	at org.apache.catalina.startup.Bootstrap.main(Bootstrap.java:414)
Mar 6, 2012 5:59:52 PM org.apache.catalina.core.ApplicationContext log
INFO: SessionListener: contextDestroyed()
Mar 6, 2012 5:59:52 PM org.apache.catalina.core.ApplicationContext log
INFO: ContextListener: contextDestroyed()
